{"/Users/roci/Projects/goal-test/src/store/index.ts": {"path":"/Users/roci/Projects/goal-test/src/store/index.ts","statementMap":{"0":{"start":{"line":1,"column":0},"end":{"line":1,"column":null}},"1":{"start":{"line":2,"column":0},"end":{"line":2,"column":null}},"2":{"start":{"line":5,"column":0},"end":{"line":5,"column":4}},"3":{"start":{"line":7,"column":27},"end":{"line":7,"column":null}},"4":{"start":{"line":15,"column":29},"end":{"line":15,"column":null}},"5":{"start":{"line":23,"column":27},"end":{"line":23,"column":null}},"6":{"start":{"line":35,"column":4},"end":{"line":35,"column":9}},"7":{"start":{"line":36,"column":4},"end":{"line":36,"column":9}},"8":{"start":{"line":40,"column":27},"end":{"line":40,"column":37}},"9":{"start":{"line":40,"column":33},"end":{"line":40,"column":37}},"10":{"start":{"line":44,"column":25},"end":{"line":44,"column":null}},"11":{"start":{"line":49,"column":6},"end":{"line":49,"column":12}},"12":{"start":{"line":50,"column":6},"end":{"line":50,"column":12}},"13":{"start":{"line":53,"column":6},"end":{"line":53,"column":12}},"14":{"start":{"line":56,"column":6},"end":{"line":56,"column":12}},"15":{"start":{"line":59,"column":6},"end":{"line":59,"column":12}},"16":{"start":{"line":62,"column":42},"end":{"line":62,"column":50}},"17":{"start":{"line":63,"column":6},"end":{"line":63,"column":20}},"18":{"start":{"line":64,"column":8},"end":{"line":64,"column":16}},"19":{"start":{"line":70,"column":6},"end":{"line":70,"column":11}},"20":{"start":{"line":73,"column":6},"end":{"line":73,"column":11}},"21":{"start":{"line":76,"column":6},"end":{"line":76,"column":11}},"22":{"start":{"line":76,"column":45},"end":{"line":76,"column":null}},"23":{"start":{"line":82,"column":24},"end":{"line":82,"column":29}},"24":{"start":{"line":82,"column":55},"end":{"line":82,"column":null}},"25":{"start":{"line":84,"column":6},"end":{"line":86,"column":null}},"26":{"start":{"line":85,"column":8},"end":{"line":85,"column":12}},"27":{"start":{"line":89,"column":24},"end":{"line":89,"column":29}},"28":{"start":{"line":89,"column":55},"end":{"line":89,"column":null}},"29":{"start":{"line":91,"column":6},"end":{"line":93,"column":null}},"30":{"start":{"line":92,"column":8},"end":{"line":92,"column":13}},"31":{"start":{"line":97,"column":63},"end":{"line":97,"column":null}},"32":{"start":{"line":98,"column":66},"end":{"line":98,"column":71}},"33":{"start":{"line":98,"column":93},"end":{"line":98,"column":null}},"34":{"start":{"line":99,"column":69},"end":{"line":99,"column":74}},"35":{"start":{"line":99,"column":96},"end":{"line":99,"column":null}},"36":{"start":{"line":100,"column":75},"end":{"line":100,"column":80}},"37":{"start":{"line":100,"column":101},"end":{"line":100,"column":null}},"38":{"start":{"line":106,"column":15},"end":{"line":106,"column":null}}},"fnMap":{"0":{"name":"(anonymous_0)","decl":{"start":{"line":34,"column":2},"end":{"line":34,"column":null}},"loc":{"start":{"line":34,"column":2},"end":{"line":37,"column":null}}},"1":{"name":"(anonymous_1)","decl":{"start":{"line":40,"column":27},"end":{"line":40,"column":33}},"loc":{"start":{"line":40,"column":33},"end":{"line":40,"column":37}}},"2":{"name":"(anonymous_2)","decl":{"start":{"line":43,"column":29},"end":{"line":43,"column":36}},"loc":{"start":{"line":43,"column":70},"end":{"line":51,"column":null}}},"3":{"name":"(anonymous_3)","decl":{"start":{"line":52,"column":35},"end":{"line":52,"column":42}},"loc":{"start":{"line":52,"column":75},"end":{"line":54,"column":null}}},"4":{"name":"(anonymous_4)","decl":{"start":{"line":55,"column":30},"end":{"line":55,"column":37}},"loc":{"start":{"line":55,"column":61},"end":{"line":57,"column":null}}},"5":{"name":"(anonymous_5)","decl":{"start":{"line":58,"column":31},"end":{"line":58,"column":38}},"loc":{"start":{"line":58,"column":61},"end":{"line":60,"column":null}}},"6":{"name":"(anonymous_6)","decl":{"start":{"line":61,"column":42},"end":{"line":61,"column":49}},"loc":{"start":{"line":61,"column":85},"end":{"line":66,"column":null}}},"7":{"name":"(anonymous_7)","decl":{"start":{"line":63,"column":29},"end":{"line":63,"column":33}},"loc":{"start":{"line":63,"column":36},"end":{"line":65,"column":null}}},"8":{"name":"(anonymous_8)","decl":{"start":{"line":69,"column":44},"end":{"line":69,"column":65}},"loc":{"start":{"line":69,"column":65},"end":{"line":71,"column":null}}},"9":{"name":"(anonymous_9)","decl":{"start":{"line":72,"column":33},"end":{"line":72,"column":34}},"loc":{"start":{"line":72,"column":67},"end":{"line":74,"column":null}}},"10":{"name":"(anonymous_10)","decl":{"start":{"line":75,"column":38},"end":{"line":75,"column":39}},"loc":{"start":{"line":75,"column":81},"end":{"line":80,"column":null}}},"11":{"name":"(anonymous_11)","decl":{"start":{"line":76,"column":36},"end":{"line":76,"column":40}},"loc":{"start":{"line":76,"column":45},"end":{"line":76,"column":null}}},"12":{"name":"(anonymous_12)","decl":{"start":{"line":81,"column":33},"end":{"line":81,"column":34}},"loc":{"start":{"line":81,"column":67},"end":{"line":87,"column":null}}},"13":{"name":"(anonymous_13)","decl":{"start":{"line":82,"column":46},"end":{"line":82,"column":51}},"loc":{"start":{"line":82,"column":55},"end":{"line":82,"column":null}}},"14":{"name":"(anonymous_14)","decl":{"start":{"line":88,"column":33},"end":{"line":88,"column":34}},"loc":{"start":{"line":88,"column":67},"end":{"line":94,"column":null}}},"15":{"name":"(anonymous_15)","decl":{"start":{"line":89,"column":46},"end":{"line":89,"column":51}},"loc":{"start":{"line":89,"column":55},"end":{"line":89,"column":null}}},"16":{"name":"(anonymous_16)","decl":{"start":{"line":97,"column":28},"end":{"line":97,"column":63}},"loc":{"start":{"line":97,"column":63},"end":{"line":97,"column":null}}},"17":{"name":"(anonymous_17)","decl":{"start":{"line":98,"column":31},"end":{"line":98,"column":66}},"loc":{"start":{"line":98,"column":66},"end":{"line":98,"column":71}}},"18":{"name":"(anonymous_18)","decl":{"start":{"line":98,"column":85},"end":{"line":98,"column":89}},"loc":{"start":{"line":98,"column":93},"end":{"line":98,"column":null}}},"19":{"name":"(anonymous_19)","decl":{"start":{"line":99,"column":34},"end":{"line":99,"column":69}},"loc":{"start":{"line":99,"column":69},"end":{"line":99,"column":74}}},"20":{"name":"(anonymous_20)","decl":{"start":{"line":99,"column":88},"end":{"line":99,"column":92}},"loc":{"start":{"line":99,"column":96},"end":{"line":99,"column":null}}},"21":{"name":"(anonymous_21)","decl":{"start":{"line":100,"column":44},"end":{"line":100,"column":75}},"loc":{"start":{"line":100,"column":75},"end":{"line":100,"column":80}}},"22":{"name":"(anonymous_22)","decl":{"start":{"line":100,"column":93},"end":{"line":100,"column":97}},"loc":{"start":{"line":100,"column":101},"end":{"line":100,"column":null}}}},"branchMap":{"0":{"loc":{"start":{"line":84,"column":6},"end":{"line":86,"column":null}},"type":"if","locations":[{"start":{"line":84,"column":6},"end":{"line":86,"column":null}},{"start":{"line":84,"column":6},"end":{"line":86,"column":null}}]},"1":{"loc":{"start":{"line":91,"column":6},"end":{"line":93,"column":null}},"type":"if","locations":[{"start":{"line":91,"column":6},"end":{"line":93,"column":null}},{"start":{"line":91,"column":6},"end":{"line":93,"column":null}}]}},"s":{"0":1,"1":1,"2":1,"3":1,"4":1,"5":1,"6":13,"7":13,"8":1,"9":13,"10":0,"11":0,"12":0,"13":0,"14":0,"15":0,"16":0,"17":0,"18":0,"19":1,"20":1,"21":1,"22":2,"23":2,"24":5,"25":2,"26":1,"27":2,"28":5,"29":2,"30":1,"31":1,"32":1,"33":2,"34":1,"35":2,"36":2,"37":3,"38":1},"f":{"0":13,"1":13,"2":0,"3":0,"4":0,"5":0,"6":0,"7":0,"8":1,"9":1,"10":1,"11":2,"12":2,"13":5,"14":2,"15":5,"16":1,"17":1,"18":2,"19":1,"20":2,"21":2,"22":3},"b":{"0":[1,1],"1":[1,1]}}
}
