TN:
SF:/Users/roci/Projects/goal-test/src/store/index.ts
FN:34,(anonymous_0)
FN:40,(anonymous_1)
FN:43,(anonymous_2)
FN:52,(anonymous_3)
FN:55,(anonymous_4)
FN:58,(anonymous_5)
FN:61,(anonymous_6)
FN:63,(anonymous_7)
FN:69,(anonymous_8)
FN:72,(anonymous_9)
FN:75,(anonymous_10)
FN:76,(anonymous_11)
FN:81,(anonymous_12)
FN:82,(anonymous_13)
FN:88,(anonymous_14)
FN:89,(anonymous_15)
FN:97,(anonymous_16)
FN:98,(anonymous_17)
FN:98,(anonymous_18)
FN:99,(anonymous_19)
FN:99,(anonymous_20)
FN:100,(anonymous_21)
FN:100,(anonymous_22)
FNF:23
FNH:17
FNDA:13,(anonymous_0)
FNDA:13,(anonymous_1)
FNDA:0,(anonymous_2)
FNDA:0,(anonymous_3)
FNDA:0,(anonymous_4)
FNDA:0,(anonymous_5)
FNDA:0,(anonymous_6)
FNDA:0,(anonymous_7)
FNDA:1,(anonymous_8)
FNDA:1,(anonymous_9)
FNDA:1,(anonymous_10)
FNDA:2,(anonymous_11)
FNDA:2,(anonymous_12)
FNDA:5,(anonymous_13)
FNDA:2,(anonymous_14)
FNDA:5,(anonymous_15)
FNDA:1,(anonymous_16)
FNDA:1,(anonymous_17)
FNDA:2,(anonymous_18)
FNDA:1,(anonymous_19)
FNDA:2,(anonymous_20)
FNDA:2,(anonymous_21)
FNDA:3,(anonymous_22)
DA:1,1
DA:2,1
DA:5,1
DA:7,1
DA:15,1
DA:23,1
DA:35,13
DA:36,13
DA:40,13
DA:44,0
DA:49,0
DA:50,0
DA:53,0
DA:56,0
DA:59,0
DA:62,0
DA:63,0
DA:64,0
DA:70,1
DA:73,1
DA:76,2
DA:82,5
DA:84,2
DA:85,1
DA:89,5
DA:91,2
DA:92,1
DA:97,1
DA:98,2
DA:99,2
DA:100,3
DA:106,1
LF:32
LH:23
BRDA:84,0,0,1
BRDA:84,0,1,1
BRDA:91,1,0,1
BRDA:91,1,1,1
BRF:4
BRH:4
end_of_record
